*ERROR* 	v1.7.5.2	2021/09/06 - 13:28:50: Unknown column 'id_product_1' in 'where clause'<br /><br /><pre>SELECT p.*, product_shop.*, stock.out_of_stock, IFNULL(stock.quantity, 0) as quantity, pl.`description`, pl.`description_short`, pl.`link_rewrite`,
                    pl.`meta_description`, pl.`meta_keywords`, pl.`meta_title`, pl.`name`, pl.`available_now`, pl.`available_later`,
                    image_shop.`id_image` id_image, il.`legend`, m.`name` as manufacturer_name, cl.`name` AS category_default, IFNULL(product_attribute_shop.id_product_attribute, 0) id_product_attribute,
                    DATEDIFF(
                        p.`date_add`,
                        DATE_SUB(
                            "2021-09-06 00:00:00",
                            INTERVAL 300 DAY
                        )
                    ) > 0 AS new
                FROM `ps_accessory`
                LEFT JOIN `ps_product` p ON p.`id_product` = `id_product_2`
                 INNER JOIN ps_product_shop product_shop
        ON (product_shop.id_product = p.id_product AND product_shop.id_shop = 1)
                LEFT JOIN `ps_product_attribute_shop` product_attribute_shop
                    ON (p.`id_product` = product_attribute_shop.`id_product` AND product_attribute_shop.`default_on` = 1 AND product_attribute_shop.id_shop=1)
                LEFT JOIN `ps_product_lang` pl ON (
                    p.`id_product` = pl.`id_product`
                    AND pl.`id_lang` = 2 AND pl.id_shop = 1 
                )
                LEFT JOIN `ps_category_lang` cl ON (
                    product_shop.`id_category_default` = cl.`id_category`
                    AND cl.`id_lang` = 2 AND cl.id_shop = 1 
                )
                LEFT JOIN `ps_image_shop` image_shop
                    ON (image_shop.`id_product` = p.`id_product` AND image_shop.cover=1 AND image_shop.id_shop=1)
                LEFT JOIN `ps_image_lang` il ON (image_shop.`id_image` = il.`id_image` AND il.`id_lang` = 2)
                LEFT JOIN `ps_manufacturer` m ON (p.`id_manufacturer`= m.`id_manufacturer`)
                 LEFT JOIN ps_stock_available stock
            ON (stock.id_product = `p`.id_product AND stock.id_product_attribute = 0 AND stock.id_shop = 1  AND stock.id_shop_group = 0  )
                WHERE `id_product_1` = 80 AND product_shop.`active` = 1 AND product_shop.`visibility` != 'none'
                GROUP BY product_shop.id_product</pre> at line 769 in file classes/db/Db.php
*ERROR* 	v1.7.5.2	2021/09/06 - 13:28:53: Unknown column 'id_product_1' in 'where clause'<br /><br /><pre>SELECT p.*, product_shop.*, stock.out_of_stock, IFNULL(stock.quantity, 0) as quantity, pl.`description`, pl.`description_short`, pl.`link_rewrite`,
                    pl.`meta_description`, pl.`meta_keywords`, pl.`meta_title`, pl.`name`, pl.`available_now`, pl.`available_later`,
                    image_shop.`id_image` id_image, il.`legend`, m.`name` as manufacturer_name, cl.`name` AS category_default, IFNULL(product_attribute_shop.id_product_attribute, 0) id_product_attribute,
                    DATEDIFF(
                        p.`date_add`,
                        DATE_SUB(
                            "2021-09-06 00:00:00",
                            INTERVAL 300 DAY
                        )
                    ) > 0 AS new
                FROM `ps_accessory`
                LEFT JOIN `ps_product` p ON p.`id_product` = `id_product_2`
                 INNER JOIN ps_product_shop product_shop
        ON (product_shop.id_product = p.id_product AND product_shop.id_shop = 1)
                LEFT JOIN `ps_product_attribute_shop` product_attribute_shop
                    ON (p.`id_product` = product_attribute_shop.`id_product` AND product_attribute_shop.`default_on` = 1 AND product_attribute_shop.id_shop=1)
                LEFT JOIN `ps_product_lang` pl ON (
                    p.`id_product` = pl.`id_product`
                    AND pl.`id_lang` = 2 AND pl.id_shop = 1 
                )
                LEFT JOIN `ps_category_lang` cl ON (
                    product_shop.`id_category_default` = cl.`id_category`
                    AND cl.`id_lang` = 2 AND cl.id_shop = 1 
                )
                LEFT JOIN `ps_image_shop` image_shop
                    ON (image_shop.`id_product` = p.`id_product` AND image_shop.cover=1 AND image_shop.id_shop=1)
                LEFT JOIN `ps_image_lang` il ON (image_shop.`id_image` = il.`id_image` AND il.`id_lang` = 2)
                LEFT JOIN `ps_manufacturer` m ON (p.`id_manufacturer`= m.`id_manufacturer`)
                 LEFT JOIN ps_stock_available stock
            ON (stock.id_product = `p`.id_product AND stock.id_product_attribute = 0 AND stock.id_shop = 1  AND stock.id_shop_group = 0  )
                WHERE `id_product_1` = 80 AND product_shop.`active` = 1 AND product_shop.`visibility` != 'none'
                GROUP BY product_shop.id_product</pre> at line 769 in file classes/db/Db.php
*ERROR* 	v1.7.5.2	2021/09/06 - 13:28:55: Unknown column 'id_product_1' in 'where clause'<br /><br /><pre>SELECT p.*, product_shop.*, stock.out_of_stock, IFNULL(stock.quantity, 0) as quantity, pl.`description`, pl.`description_short`, pl.`link_rewrite`,
                    pl.`meta_description`, pl.`meta_keywords`, pl.`meta_title`, pl.`name`, pl.`available_now`, pl.`available_later`,
                    image_shop.`id_image` id_image, il.`legend`, m.`name` as manufacturer_name, cl.`name` AS category_default, IFNULL(product_attribute_shop.id_product_attribute, 0) id_product_attribute,
                    DATEDIFF(
                        p.`date_add`,
                        DATE_SUB(
                            "2021-09-06 00:00:00",
                            INTERVAL 300 DAY
                        )
                    ) > 0 AS new
                FROM `ps_accessory`
                LEFT JOIN `ps_product` p ON p.`id_product` = `id_product_2`
                 INNER JOIN ps_product_shop product_shop
        ON (product_shop.id_product = p.id_product AND product_shop.id_shop = 1)
                LEFT JOIN `ps_product_attribute_shop` product_attribute_shop
                    ON (p.`id_product` = product_attribute_shop.`id_product` AND product_attribute_shop.`default_on` = 1 AND product_attribute_shop.id_shop=1)
                LEFT JOIN `ps_product_lang` pl ON (
                    p.`id_product` = pl.`id_product`
                    AND pl.`id_lang` = 2 AND pl.id_shop = 1 
                )
                LEFT JOIN `ps_category_lang` cl ON (
                    product_shop.`id_category_default` = cl.`id_category`
                    AND cl.`id_lang` = 2 AND cl.id_shop = 1 
                )
                LEFT JOIN `ps_image_shop` image_shop
                    ON (image_shop.`id_product` = p.`id_product` AND image_shop.cover=1 AND image_shop.id_shop=1)
                LEFT JOIN `ps_image_lang` il ON (image_shop.`id_image` = il.`id_image` AND il.`id_lang` = 2)
                LEFT JOIN `ps_manufacturer` m ON (p.`id_manufacturer`= m.`id_manufacturer`)
                 LEFT JOIN ps_stock_available stock
            ON (stock.id_product = `p`.id_product AND stock.id_product_attribute = 0 AND stock.id_shop = 1  AND stock.id_shop_group = 0  )
                WHERE `id_product_1` = 80 AND product_shop.`active` = 1 AND product_shop.`visibility` != 'none'
                GROUP BY product_shop.id_product</pre> at line 769 in file classes/db/Db.php
*ERROR* 	v1.7.5.2	2021/09/06 - 13:28:59: Unknown column 'id_product_1' in 'where clause'<br /><br /><pre>SELECT p.*, product_shop.*, stock.out_of_stock, IFNULL(stock.quantity, 0) as quantity, pl.`description`, pl.`description_short`, pl.`link_rewrite`,
                    pl.`meta_description`, pl.`meta_keywords`, pl.`meta_title`, pl.`name`, pl.`available_now`, pl.`available_later`,
                    image_shop.`id_image` id_image, il.`legend`, m.`name` as manufacturer_name, cl.`name` AS category_default, IFNULL(product_attribute_shop.id_product_attribute, 0) id_product_attribute,
                    DATEDIFF(
                        p.`date_add`,
                        DATE_SUB(
                            "2021-09-06 00:00:00",
                            INTERVAL 300 DAY
                        )
                    ) > 0 AS new
                FROM `ps_accessory`
                LEFT JOIN `ps_product` p ON p.`id_product` = `id_product_2`
                 INNER JOIN ps_product_shop product_shop
        ON (product_shop.id_product = p.id_product AND product_shop.id_shop = 1)
                LEFT JOIN `ps_product_attribute_shop` product_attribute_shop
                    ON (p.`id_product` = product_attribute_shop.`id_product` AND product_attribute_shop.`default_on` = 1 AND product_attribute_shop.id_shop=1)
                LEFT JOIN `ps_product_lang` pl ON (
                    p.`id_product` = pl.`id_product`
                    AND pl.`id_lang` = 2 AND pl.id_shop = 1 
                )
                LEFT JOIN `ps_category_lang` cl ON (
                    product_shop.`id_category_default` = cl.`id_category`
                    AND cl.`id_lang` = 2 AND cl.id_shop = 1 
                )
                LEFT JOIN `ps_image_shop` image_shop
                    ON (image_shop.`id_product` = p.`id_product` AND image_shop.cover=1 AND image_shop.id_shop=1)
                LEFT JOIN `ps_image_lang` il ON (image_shop.`id_image` = il.`id_image` AND il.`id_lang` = 2)
                LEFT JOIN `ps_manufacturer` m ON (p.`id_manufacturer`= m.`id_manufacturer`)
                 LEFT JOIN ps_stock_available stock
            ON (stock.id_product = `p`.id_product AND stock.id_product_attribute = 0 AND stock.id_shop = 1  AND stock.id_shop_group = 0  )
                WHERE `id_product_1` = 80 AND product_shop.`active` = 1 AND product_shop.`visibility` != 'none'
                GROUP BY product_shop.id_product</pre> at line 769 in file classes/db/Db.php
*ERROR* 	v1.7.5.2	2021/09/06 - 13:29:02: Unknown column 'id_product_1' in 'where clause'<br /><br /><pre>SELECT p.*, product_shop.*, stock.out_of_stock, IFNULL(stock.quantity, 0) as quantity, pl.`description`, pl.`description_short`, pl.`link_rewrite`,
                    pl.`meta_description`, pl.`meta_keywords`, pl.`meta_title`, pl.`name`, pl.`available_now`, pl.`available_later`,
                    image_shop.`id_image` id_image, il.`legend`, m.`name` as manufacturer_name, cl.`name` AS category_default, IFNULL(product_attribute_shop.id_product_attribute, 0) id_product_attribute,
                    DATEDIFF(
                        p.`date_add`,
                        DATE_SUB(
                            "2021-09-06 00:00:00",
                            INTERVAL 300 DAY
                        )
                    ) > 0 AS new
                FROM `ps_accessory`
                LEFT JOIN `ps_product` p ON p.`id_product` = `id_product_2`
                 INNER JOIN ps_product_shop product_shop
        ON (product_shop.id_product = p.id_product AND product_shop.id_shop = 1)
                LEFT JOIN `ps_product_attribute_shop` product_attribute_shop
                    ON (p.`id_product` = product_attribute_shop.`id_product` AND product_attribute_shop.`default_on` = 1 AND product_attribute_shop.id_shop=1)
                LEFT JOIN `ps_product_lang` pl ON (
                    p.`id_product` = pl.`id_product`
                    AND pl.`id_lang` = 2 AND pl.id_shop = 1 
                )
                LEFT JOIN `ps_category_lang` cl ON (
                    product_shop.`id_category_default` = cl.`id_category`
                    AND cl.`id_lang` = 2 AND cl.id_shop = 1 
                )
                LEFT JOIN `ps_image_shop` image_shop
                    ON (image_shop.`id_product` = p.`id_product` AND image_shop.cover=1 AND image_shop.id_shop=1)
                LEFT JOIN `ps_image_lang` il ON (image_shop.`id_image` = il.`id_image` AND il.`id_lang` = 2)
                LEFT JOIN `ps_manufacturer` m ON (p.`id_manufacturer`= m.`id_manufacturer`)
                 LEFT JOIN ps_stock_available stock
            ON (stock.id_product = `p`.id_product AND stock.id_product_attribute = 0 AND stock.id_shop = 1  AND stock.id_shop_group = 0  )
                WHERE `id_product_1` = 80 AND product_shop.`active` = 1 AND product_shop.`visibility` != 'none'
                GROUP BY product_shop.id_product</pre> at line 769 in file classes/db/Db.php
*ERROR* 	v1.7.5.2	2021/09/06 - 13:29:04: Unknown column 'id_product_1' in 'where clause'<br /><br /><pre>SELECT p.*, product_shop.*, stock.out_of_stock, IFNULL(stock.quantity, 0) as quantity, pl.`description`, pl.`description_short`, pl.`link_rewrite`,
                    pl.`meta_description`, pl.`meta_keywords`, pl.`meta_title`, pl.`name`, pl.`available_now`, pl.`available_later`,
                    image_shop.`id_image` id_image, il.`legend`, m.`name` as manufacturer_name, cl.`name` AS category_default, IFNULL(product_attribute_shop.id_product_attribute, 0) id_product_attribute,
                    DATEDIFF(
                        p.`date_add`,
                        DATE_SUB(
                            "2021-09-06 00:00:00",
                            INTERVAL 300 DAY
                        )
                    ) > 0 AS new
                FROM `ps_accessory`
                LEFT JOIN `ps_product` p ON p.`id_product` = `id_product_2`
                 INNER JOIN ps_product_shop product_shop
        ON (product_shop.id_product = p.id_product AND product_shop.id_shop = 1)
                LEFT JOIN `ps_product_attribute_shop` product_attribute_shop
                    ON (p.`id_product` = product_attribute_shop.`id_product` AND product_attribute_shop.`default_on` = 1 AND product_attribute_shop.id_shop=1)
                LEFT JOIN `ps_product_lang` pl ON (
                    p.`id_product` = pl.`id_product`
                    AND pl.`id_lang` = 2 AND pl.id_shop = 1 
                )
                LEFT JOIN `ps_category_lang` cl ON (
                    product_shop.`id_category_default` = cl.`id_category`
                    AND cl.`id_lang` = 2 AND cl.id_shop = 1 
                )
                LEFT JOIN `ps_image_shop` image_shop
                    ON (image_shop.`id_product` = p.`id_product` AND image_shop.cover=1 AND image_shop.id_shop=1)
                LEFT JOIN `ps_image_lang` il ON (image_shop.`id_image` = il.`id_image` AND il.`id_lang` = 2)
                LEFT JOIN `ps_manufacturer` m ON (p.`id_manufacturer`= m.`id_manufacturer`)
                 LEFT JOIN ps_stock_available stock
            ON (stock.id_product = `p`.id_product AND stock.id_product_attribute = 0 AND stock.id_shop = 1  AND stock.id_shop_group = 0  )
                WHERE `id_product_1` = 80 AND product_shop.`active` = 1 AND product_shop.`visibility` != 'none'
                GROUP BY product_shop.id_product</pre> at line 769 in file classes/db/Db.php
*ERROR* 	v1.7.5.2	2021/09/06 - 13:29:05: Unknown column 'id_product_1' in 'where clause'<br /><br /><pre>SELECT p.*, product_shop.*, stock.out_of_stock, IFNULL(stock.quantity, 0) as quantity, pl.`description`, pl.`description_short`, pl.`link_rewrite`,
                    pl.`meta_description`, pl.`meta_keywords`, pl.`meta_title`, pl.`name`, pl.`available_now`, pl.`available_later`,
                    image_shop.`id_image` id_image, il.`legend`, m.`name` as manufacturer_name, cl.`name` AS category_default, IFNULL(product_attribute_shop.id_product_attribute, 0) id_product_attribute,
                    DATEDIFF(
                        p.`date_add`,
                        DATE_SUB(
                            "2021-09-06 00:00:00",
                            INTERVAL 300 DAY
                        )
                    ) > 0 AS new
                FROM `ps_accessory`
                LEFT JOIN `ps_product` p ON p.`id_product` = `id_product_2`
                 INNER JOIN ps_product_shop product_shop
        ON (product_shop.id_product = p.id_product AND product_shop.id_shop = 1)
                LEFT JOIN `ps_product_attribute_shop` product_attribute_shop
                    ON (p.`id_product` = product_attribute_shop.`id_product` AND product_attribute_shop.`default_on` = 1 AND product_attribute_shop.id_shop=1)
                LEFT JOIN `ps_product_lang` pl ON (
                    p.`id_product` = pl.`id_product`
                    AND pl.`id_lang` = 2 AND pl.id_shop = 1 
                )
                LEFT JOIN `ps_category_lang` cl ON (
                    product_shop.`id_category_default` = cl.`id_category`
                    AND cl.`id_lang` = 2 AND cl.id_shop = 1 
                )
                LEFT JOIN `ps_image_shop` image_shop
                    ON (image_shop.`id_product` = p.`id_product` AND image_shop.cover=1 AND image_shop.id_shop=1)
                LEFT JOIN `ps_image_lang` il ON (image_shop.`id_image` = il.`id_image` AND il.`id_lang` = 2)
                LEFT JOIN `ps_manufacturer` m ON (p.`id_manufacturer`= m.`id_manufacturer`)
                 LEFT JOIN ps_stock_available stock
            ON (stock.id_product = `p`.id_product AND stock.id_product_attribute = 0 AND stock.id_shop = 1  AND stock.id_shop_group = 0  )
                WHERE `id_product_1` = 80 AND product_shop.`active` = 1 AND product_shop.`visibility` != 'none'
                GROUP BY product_shop.id_product</pre> at line 769 in file classes/db/Db.php
*ERROR* 	v1.7.5.2	2021/09/06 - 13:29:51: Unknown column 'id_product_1' in 'where clause'<br /><br /><pre>SELECT p.*, product_shop.*, stock.out_of_stock, IFNULL(stock.quantity, 0) as quantity, pl.`description`, pl.`description_short`, pl.`link_rewrite`,
                    pl.`meta_description`, pl.`meta_keywords`, pl.`meta_title`, pl.`name`, pl.`available_now`, pl.`available_later`,
                    image_shop.`id_image` id_image, il.`legend`, m.`name` as manufacturer_name, cl.`name` AS category_default, IFNULL(product_attribute_shop.id_product_attribute, 0) id_product_attribute,
                    DATEDIFF(
                        p.`date_add`,
                        DATE_SUB(
                            "2021-09-06 00:00:00",
                            INTERVAL 300 DAY
                        )
                    ) > 0 AS new
                FROM `ps_accessory`
                LEFT JOIN `ps_product` p ON p.`id_product` = `id_product_2`
                 INNER JOIN ps_product_shop product_shop
        ON (product_shop.id_product = p.id_product AND product_shop.id_shop = 1)
                LEFT JOIN `ps_product_attribute_shop` product_attribute_shop
                    ON (p.`id_product` = product_attribute_shop.`id_product` AND product_attribute_shop.`default_on` = 1 AND product_attribute_shop.id_shop=1)
                LEFT JOIN `ps_product_lang` pl ON (
                    p.`id_product` = pl.`id_product`
                    AND pl.`id_lang` = 2 AND pl.id_shop = 1 
                )
                LEFT JOIN `ps_category_lang` cl ON (
                    product_shop.`id_category_default` = cl.`id_category`
                    AND cl.`id_lang` = 2 AND cl.id_shop = 1 
                )
                LEFT JOIN `ps_image_shop` image_shop
                    ON (image_shop.`id_product` = p.`id_product` AND image_shop.cover=1 AND image_shop.id_shop=1)
                LEFT JOIN `ps_image_lang` il ON (image_shop.`id_image` = il.`id_image` AND il.`id_lang` = 2)
                LEFT JOIN `ps_manufacturer` m ON (p.`id_manufacturer`= m.`id_manufacturer`)
                 LEFT JOIN ps_stock_available stock
            ON (stock.id_product = `p`.id_product AND stock.id_product_attribute = 0 AND stock.id_shop = 1  AND stock.id_shop_group = 0  )
                WHERE `id_product_1` = 80 AND product_shop.`active` = 1 AND product_shop.`visibility` != 'none'
                GROUP BY product_shop.id_product</pre> at line 769 in file classes/db/Db.php
*ERROR* 	v1.7.5.2	2021/09/06 - 13:29:54: Unknown column 'id_product_1' in 'where clause'<br /><br /><pre>SELECT p.*, product_shop.*, stock.out_of_stock, IFNULL(stock.quantity, 0) as quantity, pl.`description`, pl.`description_short`, pl.`link_rewrite`,
                    pl.`meta_description`, pl.`meta_keywords`, pl.`meta_title`, pl.`name`, pl.`available_now`, pl.`available_later`,
                    image_shop.`id_image` id_image, il.`legend`, m.`name` as manufacturer_name, cl.`name` AS category_default, IFNULL(product_attribute_shop.id_product_attribute, 0) id_product_attribute,
                    DATEDIFF(
                        p.`date_add`,
                        DATE_SUB(
                            "2021-09-06 00:00:00",
                            INTERVAL 300 DAY
                        )
                    ) > 0 AS new
                FROM `ps_accessory`
                LEFT JOIN `ps_product` p ON p.`id_product` = `id_product_2`
                 INNER JOIN ps_product_shop product_shop
        ON (product_shop.id_product = p.id_product AND product_shop.id_shop = 1)
                LEFT JOIN `ps_product_attribute_shop` product_attribute_shop
                    ON (p.`id_product` = product_attribute_shop.`id_product` AND product_attribute_shop.`default_on` = 1 AND product_attribute_shop.id_shop=1)
                LEFT JOIN `ps_product_lang` pl ON (
                    p.`id_product` = pl.`id_product`
                    AND pl.`id_lang` = 2 AND pl.id_shop = 1 
                )
                LEFT JOIN `ps_category_lang` cl ON (
                    product_shop.`id_category_default` = cl.`id_category`
                    AND cl.`id_lang` = 2 AND cl.id_shop = 1 
                )
                LEFT JOIN `ps_image_shop` image_shop
                    ON (image_shop.`id_product` = p.`id_product` AND image_shop.cover=1 AND image_shop.id_shop=1)
                LEFT JOIN `ps_image_lang` il ON (image_shop.`id_image` = il.`id_image` AND il.`id_lang` = 2)
                LEFT JOIN `ps_manufacturer` m ON (p.`id_manufacturer`= m.`id_manufacturer`)
                 LEFT JOIN ps_stock_available stock
            ON (stock.id_product = `p`.id_product AND stock.id_product_attribute = 0 AND stock.id_shop = 1  AND stock.id_shop_group = 0  )
                WHERE `id_product_1` = 80 AND product_shop.`active` = 1 AND product_shop.`visibility` != 'none'
                GROUP BY product_shop.id_product</pre> at line 769 in file classes/db/Db.php
*ERROR* 	v1.7.5.2	2021/09/06 - 13:29:59: Unknown column 'id_product_1' in 'where clause'<br /><br /><pre>SELECT p.*, product_shop.*, stock.out_of_stock, IFNULL(stock.quantity, 0) as quantity, pl.`description`, pl.`description_short`, pl.`link_rewrite`,
                    pl.`meta_description`, pl.`meta_keywords`, pl.`meta_title`, pl.`name`, pl.`available_now`, pl.`available_later`,
                    image_shop.`id_image` id_image, il.`legend`, m.`name` as manufacturer_name, cl.`name` AS category_default, IFNULL(product_attribute_shop.id_product_attribute, 0) id_product_attribute,
                    DATEDIFF(
                        p.`date_add`,
                        DATE_SUB(
                            "2021-09-06 00:00:00",
                            INTERVAL 300 DAY
                        )
                    ) > 0 AS new
                FROM `ps_accessory`
                LEFT JOIN `ps_product` p ON p.`id_product` = `id_product_2`
                 INNER JOIN ps_product_shop product_shop
        ON (product_shop.id_product = p.id_product AND product_shop.id_shop = 1)
                LEFT JOIN `ps_product_attribute_shop` product_attribute_shop
                    ON (p.`id_product` = product_attribute_shop.`id_product` AND product_attribute_shop.`default_on` = 1 AND product_attribute_shop.id_shop=1)
                LEFT JOIN `ps_product_lang` pl ON (
                    p.`id_product` = pl.`id_product`
                    AND pl.`id_lang` = 2 AND pl.id_shop = 1 
                )
                LEFT JOIN `ps_category_lang` cl ON (
                    product_shop.`id_category_default` = cl.`id_category`
                    AND cl.`id_lang` = 2 AND cl.id_shop = 1 
                )
                LEFT JOIN `ps_image_shop` image_shop
                    ON (image_shop.`id_product` = p.`id_product` AND image_shop.cover=1 AND image_shop.id_shop=1)
                LEFT JOIN `ps_image_lang` il ON (image_shop.`id_image` = il.`id_image` AND il.`id_lang` = 2)
                LEFT JOIN `ps_manufacturer` m ON (p.`id_manufacturer`= m.`id_manufacturer`)
                 LEFT JOIN ps_stock_available stock
            ON (stock.id_product = `p`.id_product AND stock.id_product_attribute = 0 AND stock.id_shop = 1  AND stock.id_shop_group = 0  )
                WHERE `id_product_1` = 80 AND product_shop.`active` = 1 AND product_shop.`visibility` != 'none'
                GROUP BY product_shop.id_product</pre> at line 769 in file classes/db/Db.php
*ERROR* 	v1.7.5.2	2021/09/06 - 13:30:29: Unknown column 'id_product_1' in 'where clause'<br /><br /><pre>SELECT p.*, product_shop.*, stock.out_of_stock, IFNULL(stock.quantity, 0) as quantity, pl.`description`, pl.`description_short`, pl.`link_rewrite`,
                    pl.`meta_description`, pl.`meta_keywords`, pl.`meta_title`, pl.`name`, pl.`available_now`, pl.`available_later`,
                    image_shop.`id_image` id_image, il.`legend`, m.`name` as manufacturer_name, cl.`name` AS category_default, IFNULL(product_attribute_shop.id_product_attribute, 0) id_product_attribute,
                    DATEDIFF(
                        p.`date_add`,
                        DATE_SUB(
                            "2021-09-06 00:00:00",
                            INTERVAL 300 DAY
                        )
                    ) > 0 AS new
                FROM `ps_accessory`
                LEFT JOIN `ps_product` p ON p.`id_product` = `id_product_2`
                 INNER JOIN ps_product_shop product_shop
        ON (product_shop.id_product = p.id_product AND product_shop.id_shop = 1)
                LEFT JOIN `ps_product_attribute_shop` product_attribute_shop
                    ON (p.`id_product` = product_attribute_shop.`id_product` AND product_attribute_shop.`default_on` = 1 AND product_attribute_shop.id_shop=1)
                LEFT JOIN `ps_product_lang` pl ON (
                    p.`id_product` = pl.`id_product`
                    AND pl.`id_lang` = 2 AND pl.id_shop = 1 
                )
                LEFT JOIN `ps_category_lang` cl ON (
                    product_shop.`id_category_default` = cl.`id_category`
                    AND cl.`id_lang` = 2 AND cl.id_shop = 1 
                )
                LEFT JOIN `ps_image_shop` image_shop
                    ON (image_shop.`id_product` = p.`id_product` AND image_shop.cover=1 AND image_shop.id_shop=1)
                LEFT JOIN `ps_image_lang` il ON (image_shop.`id_image` = il.`id_image` AND il.`id_lang` = 2)
                LEFT JOIN `ps_manufacturer` m ON (p.`id_manufacturer`= m.`id_manufacturer`)
                 LEFT JOIN ps_stock_available stock
            ON (stock.id_product = `p`.id_product AND stock.id_product_attribute = 0 AND stock.id_shop = 1  AND stock.id_shop_group = 0  )
                WHERE `id_product_1` = 80 AND product_shop.`active` = 1 AND product_shop.`visibility` != 'none'
                GROUP BY product_shop.id_product</pre> at line 769 in file classes/db/Db.php
*ERROR* 	v1.7.5.2	2021/09/06 - 13:30:33: Unknown column 'id_product_1' in 'where clause'<br /><br /><pre>SELECT p.*, product_shop.*, stock.out_of_stock, IFNULL(stock.quantity, 0) as quantity, pl.`description`, pl.`description_short`, pl.`link_rewrite`,
                    pl.`meta_description`, pl.`meta_keywords`, pl.`meta_title`, pl.`name`, pl.`available_now`, pl.`available_later`,
                    image_shop.`id_image` id_image, il.`legend`, m.`name` as manufacturer_name, cl.`name` AS category_default, IFNULL(product_attribute_shop.id_product_attribute, 0) id_product_attribute,
                    DATEDIFF(
                        p.`date_add`,
                        DATE_SUB(
                            "2021-09-06 00:00:00",
                            INTERVAL 300 DAY
                        )
                    ) > 0 AS new
                FROM `ps_accessory`
                LEFT JOIN `ps_product` p ON p.`id_product` = `id_product_2`
                 INNER JOIN ps_product_shop product_shop
        ON (product_shop.id_product = p.id_product AND product_shop.id_shop = 1)
                LEFT JOIN `ps_product_attribute_shop` product_attribute_shop
                    ON (p.`id_product` = product_attribute_shop.`id_product` AND product_attribute_shop.`default_on` = 1 AND product_attribute_shop.id_shop=1)
                LEFT JOIN `ps_product_lang` pl ON (
                    p.`id_product` = pl.`id_product`
                    AND pl.`id_lang` = 2 AND pl.id_shop = 1 
                )
                LEFT JOIN `ps_category_lang` cl ON (
                    product_shop.`id_category_default` = cl.`id_category`
                    AND cl.`id_lang` = 2 AND cl.id_shop = 1 
                )
                LEFT JOIN `ps_image_shop` image_shop
                    ON (image_shop.`id_product` = p.`id_product` AND image_shop.cover=1 AND image_shop.id_shop=1)
                LEFT JOIN `ps_image_lang` il ON (image_shop.`id_image` = il.`id_image` AND il.`id_lang` = 2)
                LEFT JOIN `ps_manufacturer` m ON (p.`id_manufacturer`= m.`id_manufacturer`)
                 LEFT JOIN ps_stock_available stock
            ON (stock.id_product = `p`.id_product AND stock.id_product_attribute = 0 AND stock.id_shop = 1  AND stock.id_shop_group = 0  )
                WHERE `id_product_1` = 196 AND product_shop.`active` = 1 AND product_shop.`visibility` != 'none'
                GROUP BY product_shop.id_product</pre> at line 769 in file classes/db/Db.php
*ERROR* 	v1.7.5.2	2021/09/06 - 13:30:40: Unknown column 'id_product_1' in 'where clause'<br /><br /><pre>SELECT p.*, product_shop.*, stock.out_of_stock, IFNULL(stock.quantity, 0) as quantity, pl.`description`, pl.`description_short`, pl.`link_rewrite`,
                    pl.`meta_description`, pl.`meta_keywords`, pl.`meta_title`, pl.`name`, pl.`available_now`, pl.`available_later`,
                    image_shop.`id_image` id_image, il.`legend`, m.`name` as manufacturer_name, cl.`name` AS category_default, IFNULL(product_attribute_shop.id_product_attribute, 0) id_product_attribute,
                    DATEDIFF(
                        p.`date_add`,
                        DATE_SUB(
                            "2021-09-06 00:00:00",
                            INTERVAL 300 DAY
                        )
                    ) > 0 AS new
                FROM `ps_accessory`
                LEFT JOIN `ps_product` p ON p.`id_product` = `id_product_2`
                 INNER JOIN ps_product_shop product_shop
        ON (product_shop.id_product = p.id_product AND product_shop.id_shop = 1)
                LEFT JOIN `ps_product_attribute_shop` product_attribute_shop
                    ON (p.`id_product` = product_attribute_shop.`id_product` AND product_attribute_shop.`default_on` = 1 AND product_attribute_shop.id_shop=1)
                LEFT JOIN `ps_product_lang` pl ON (
                    p.`id_product` = pl.`id_product`
                    AND pl.`id_lang` = 2 AND pl.id_shop = 1 
                )
                LEFT JOIN `ps_category_lang` cl ON (
                    product_shop.`id_category_default` = cl.`id_category`
                    AND cl.`id_lang` = 2 AND cl.id_shop = 1 
                )
                LEFT JOIN `ps_image_shop` image_shop
                    ON (image_shop.`id_product` = p.`id_product` AND image_shop.cover=1 AND image_shop.id_shop=1)
                LEFT JOIN `ps_image_lang` il ON (image_shop.`id_image` = il.`id_image` AND il.`id_lang` = 2)
                LEFT JOIN `ps_manufacturer` m ON (p.`id_manufacturer`= m.`id_manufacturer`)
                 LEFT JOIN ps_stock_available stock
            ON (stock.id_product = `p`.id_product AND stock.id_product_attribute = 0 AND stock.id_shop = 1  AND stock.id_shop_group = 0  )
                WHERE `id_product_1` = 196 AND product_shop.`active` = 1 AND product_shop.`visibility` != 'none'
                GROUP BY product_shop.id_product</pre> at line 769 in file classes/db/Db.php
*ERROR* 	v1.7.5.2	2021/09/06 - 13:32:25: Unknown column 'id_product_1' in 'where clause'<br /><br /><pre>SELECT p.*, product_shop.*, stock.out_of_stock, IFNULL(stock.quantity, 0) as quantity, pl.`description`, pl.`description_short`, pl.`link_rewrite`,
                    pl.`meta_description`, pl.`meta_keywords`, pl.`meta_title`, pl.`name`, pl.`available_now`, pl.`available_later`,
                    image_shop.`id_image` id_image, il.`legend`, m.`name` as manufacturer_name, cl.`name` AS category_default, IFNULL(product_attribute_shop.id_product_attribute, 0) id_product_attribute,
                    DATEDIFF(
                        p.`date_add`,
                        DATE_SUB(
                            "2021-09-06 00:00:00",
                            INTERVAL 300 DAY
                        )
                    ) > 0 AS new
                FROM `ps_accessory`
                LEFT JOIN `ps_product` p ON p.`id_product` = `id_product_2`
                 INNER JOIN ps_product_shop product_shop
        ON (product_shop.id_product = p.id_product AND product_shop.id_shop = 1)
                LEFT JOIN `ps_product_attribute_shop` product_attribute_shop
                    ON (p.`id_product` = product_attribute_shop.`id_product` AND product_attribute_shop.`default_on` = 1 AND product_attribute_shop.id_shop=1)
                LEFT JOIN `ps_product_lang` pl ON (
                    p.`id_product` = pl.`id_product`
                    AND pl.`id_lang` = 2 AND pl.id_shop = 1 
                )
                LEFT JOIN `ps_category_lang` cl ON (
                    product_shop.`id_category_default` = cl.`id_category`
                    AND cl.`id_lang` = 2 AND cl.id_shop = 1 
                )
                LEFT JOIN `ps_image_shop` image_shop
                    ON (image_shop.`id_product` = p.`id_product` AND image_shop.cover=1 AND image_shop.id_shop=1)
                LEFT JOIN `ps_image_lang` il ON (image_shop.`id_image` = il.`id_image` AND il.`id_lang` = 2)
                LEFT JOIN `ps_manufacturer` m ON (p.`id_manufacturer`= m.`id_manufacturer`)
                 LEFT JOIN ps_stock_available stock
            ON (stock.id_product = `p`.id_product AND stock.id_product_attribute = 0 AND stock.id_shop = 1  AND stock.id_shop_group = 0  )
                WHERE `id_product_1` = 205 AND product_shop.`active` = 1 AND product_shop.`visibility` != 'none'
                GROUP BY product_shop.id_product</pre> at line 769 in file classes/db/Db.php
*ERROR* 	v1.7.5.2	2021/09/06 - 13:32:28: Unknown column 'id_product_1' in 'where clause'<br /><br /><pre>SELECT p.*, product_shop.*, stock.out_of_stock, IFNULL(stock.quantity, 0) as quantity, pl.`description`, pl.`description_short`, pl.`link_rewrite`,
                    pl.`meta_description`, pl.`meta_keywords`, pl.`meta_title`, pl.`name`, pl.`available_now`, pl.`available_later`,
                    image_shop.`id_image` id_image, il.`legend`, m.`name` as manufacturer_name, cl.`name` AS category_default, IFNULL(product_attribute_shop.id_product_attribute, 0) id_product_attribute,
                    DATEDIFF(
                        p.`date_add`,
                        DATE_SUB(
                            "2021-09-06 00:00:00",
                            INTERVAL 300 DAY
                        )
                    ) > 0 AS new
                FROM `ps_accessory`
                LEFT JOIN `ps_product` p ON p.`id_product` = `id_product_2`
                 INNER JOIN ps_product_shop product_shop
        ON (product_shop.id_product = p.id_product AND product_shop.id_shop = 1)
                LEFT JOIN `ps_product_attribute_shop` product_attribute_shop
                    ON (p.`id_product` = product_attribute_shop.`id_product` AND product_attribute_shop.`default_on` = 1 AND product_attribute_shop.id_shop=1)
                LEFT JOIN `ps_product_lang` pl ON (
                    p.`id_product` = pl.`id_product`
                    AND pl.`id_lang` = 2 AND pl.id_shop = 1 
                )
                LEFT JOIN `ps_category_lang` cl ON (
                    product_shop.`id_category_default` = cl.`id_category`
                    AND cl.`id_lang` = 2 AND cl.id_shop = 1 
                )
                LEFT JOIN `ps_image_shop` image_shop
                    ON (image_shop.`id_product` = p.`id_product` AND image_shop.cover=1 AND image_shop.id_shop=1)
                LEFT JOIN `ps_image_lang` il ON (image_shop.`id_image` = il.`id_image` AND il.`id_lang` = 2)
                LEFT JOIN `ps_manufacturer` m ON (p.`id_manufacturer`= m.`id_manufacturer`)
                 LEFT JOIN ps_stock_available stock
            ON (stock.id_product = `p`.id_product AND stock.id_product_attribute = 0 AND stock.id_shop = 1  AND stock.id_shop_group = 0  )
                WHERE `id_product_1` = 205 AND product_shop.`active` = 1 AND product_shop.`visibility` != 'none'
                GROUP BY product_shop.id_product</pre> at line 769 in file classes/db/Db.php
*ERROR* 	v1.7.5.2	2021/09/06 - 13:32:31: Unknown column 'id_product_1' in 'where clause'<br /><br /><pre>SELECT p.*, product_shop.*, stock.out_of_stock, IFNULL(stock.quantity, 0) as quantity, pl.`description`, pl.`description_short`, pl.`link_rewrite`,
                    pl.`meta_description`, pl.`meta_keywords`, pl.`meta_title`, pl.`name`, pl.`available_now`, pl.`available_later`,
                    image_shop.`id_image` id_image, il.`legend`, m.`name` as manufacturer_name, cl.`name` AS category_default, IFNULL(product_attribute_shop.id_product_attribute, 0) id_product_attribute,
                    DATEDIFF(
                        p.`date_add`,
                        DATE_SUB(
                            "2021-09-06 00:00:00",
                            INTERVAL 300 DAY
                        )
                    ) > 0 AS new
                FROM `ps_accessory`
                LEFT JOIN `ps_product` p ON p.`id_product` = `id_product_2`
                 INNER JOIN ps_product_shop product_shop
        ON (product_shop.id_product = p.id_product AND product_shop.id_shop = 1)
                LEFT JOIN `ps_product_attribute_shop` product_attribute_shop
                    ON (p.`id_product` = product_attribute_shop.`id_product` AND product_attribute_shop.`default_on` = 1 AND product_attribute_shop.id_shop=1)
                LEFT JOIN `ps_product_lang` pl ON (
                    p.`id_product` = pl.`id_product`
                    AND pl.`id_lang` = 2 AND pl.id_shop = 1 
                )
                LEFT JOIN `ps_category_lang` cl ON (
                    product_shop.`id_category_default` = cl.`id_category`
                    AND cl.`id_lang` = 2 AND cl.id_shop = 1 
                )
                LEFT JOIN `ps_image_shop` image_shop
                    ON (image_shop.`id_product` = p.`id_product` AND image_shop.cover=1 AND image_shop.id_shop=1)
                LEFT JOIN `ps_image_lang` il ON (image_shop.`id_image` = il.`id_image` AND il.`id_lang` = 2)
                LEFT JOIN `ps_manufacturer` m ON (p.`id_manufacturer`= m.`id_manufacturer`)
                 LEFT JOIN ps_stock_available stock
            ON (stock.id_product = `p`.id_product AND stock.id_product_attribute = 0 AND stock.id_shop = 1  AND stock.id_shop_group = 0  )
                WHERE `id_product_1` = 205 AND product_shop.`active` = 1 AND product_shop.`visibility` != 'none'
                GROUP BY product_shop.id_product</pre> at line 769 in file classes/db/Db.php
*ERROR* 	v1.7.5.2	2021/09/06 - 15:46:11: Unknown column 'id_product_1' in 'where clause'<br /><br /><pre>SELECT p.*, product_shop.*, stock.out_of_stock, IFNULL(stock.quantity, 0) as quantity, pl.`description`, pl.`description_short`, pl.`link_rewrite`,
                    pl.`meta_description`, pl.`meta_keywords`, pl.`meta_title`, pl.`name`, pl.`available_now`, pl.`available_later`,
                    image_shop.`id_image` id_image, il.`legend`, m.`name` as manufacturer_name, cl.`name` AS category_default, IFNULL(product_attribute_shop.id_product_attribute, 0) id_product_attribute,
                    DATEDIFF(
                        p.`date_add`,
                        DATE_SUB(
                            "2021-09-06 00:00:00",
                            INTERVAL 300 DAY
                        )
                    ) > 0 AS new
                FROM `ps_accessory`
                LEFT JOIN `ps_product` p ON p.`id_product` = `id_product_2`
                 INNER JOIN ps_product_shop product_shop
        ON (product_shop.id_product = p.id_product AND product_shop.id_shop = 1)
                LEFT JOIN `ps_product_attribute_shop` product_attribute_shop
                    ON (p.`id_product` = product_attribute_shop.`id_product` AND product_attribute_shop.`default_on` = 1 AND product_attribute_shop.id_shop=1)
                LEFT JOIN `ps_product_lang` pl ON (
                    p.`id_product` = pl.`id_product`
                    AND pl.`id_lang` = 2 AND pl.id_shop = 1 
                )
                LEFT JOIN `ps_category_lang` cl ON (
                    product_shop.`id_category_default` = cl.`id_category`
                    AND cl.`id_lang` = 2 AND cl.id_shop = 1 
                )
                LEFT JOIN `ps_image_shop` image_shop
                    ON (image_shop.`id_product` = p.`id_product` AND image_shop.cover=1 AND image_shop.id_shop=1)
                LEFT JOIN `ps_image_lang` il ON (image_shop.`id_image` = il.`id_image` AND il.`id_lang` = 2)
                LEFT JOIN `ps_manufacturer` m ON (p.`id_manufacturer`= m.`id_manufacturer`)
                 LEFT JOIN ps_stock_available stock
            ON (stock.id_product = `p`.id_product AND stock.id_product_attribute = 0 AND stock.id_shop = 1  AND stock.id_shop_group = 0  )
                WHERE `id_product_1` = 205 AND product_shop.`active` = 1 AND product_shop.`visibility` != 'none'
                GROUP BY product_shop.id_product</pre> at line 769 in file classes/db/Db.php
